[ 2016-08-12T16:30:31+08:00 ] ::1 /zbigdata/index.php/analysis/pages/searchDate?value=2016-08-11
INFO: [ app_begin ] --START--
INFO: Run Behavior\ReadHtmlCacheBehavior [ RunTime:0.000872s ]
INFO: Run Behavior\CheckLangBehavior [ RunTime:0.001352s ]
INFO: [ app_begin ] --END-- [ RunTime:0.002842s ]
NOTIC: [2048] Declaration of Analysis\Controller\PagesController::show() should be compatible with Think\Controller::show($content, $charset = '', $contentType = '', $prefix = '') E:\www\zbigdata\application\Analysis\Controller\PagesController.class.php 第 11 行.
SQL: SHOW COLUMNS FROM `zd_users` [ RunTime:0.0059s ]
SQL: SELECT * FROM `zd_users` WHERE ( id=1 ) LIMIT 1   [ RunTime:0.0004s ]
SQL: SHOW COLUMNS FROM `zd_pages` [ RunTime:0.0055s ]
SQL: SHOW COLUMNS FROM `zd_pages_views` [ RunTime:0.0058s ]
SQL: SELECT `name`,sum(view_count) as view_count FROM `zd_pages` join zd_pages_views on zd_pages.id = zd_pages_views.page_id  WHERE ( zd_pages.game_id = 3 and date_format(view_date,'%Y-%m-%d') = '2016-08-11' ) GROUP BY zd_pages.id ORDER BY view_count desc LIMIT 0,5   [ RunTime:0.0325s ]
NOTIC: [8] Undefined index: url E:\www\zbigdata\application\Common\Controller\AppframeController.class.php 第 24 行.

[ 2016-08-12T16:30:51+08:00 ] ::1 /zbigdata/index.php/analysis/pages/searchDate?value=2016-08-11
INFO: [ app_begin ] --START--
INFO: Run Behavior\ReadHtmlCacheBehavior [ RunTime:0.000893s ]
INFO: Run Behavior\CheckLangBehavior [ RunTime:0.001409s ]
INFO: [ app_begin ] --END-- [ RunTime:0.002952s ]
NOTIC: [2048] Declaration of Analysis\Controller\PagesController::show() should be compatible with Think\Controller::show($content, $charset = '', $contentType = '', $prefix = '') E:\www\zbigdata\application\Analysis\Controller\PagesController.class.php 第 11 行.
SQL: SHOW COLUMNS FROM `zd_users` [ RunTime:0.0051s ]
SQL: SELECT * FROM `zd_users` WHERE ( id=1 ) LIMIT 1   [ RunTime:0.0004s ]
SQL: SHOW COLUMNS FROM `zd_pages` [ RunTime:0.0058s ]
SQL: SHOW COLUMNS FROM `zd_pages_views` [ RunTime:0.0044s ]
SQL: SELECT `name`,sum(view_count) as view_count FROM `zd_pages` join zd_pages_views on zd_pages.id = zd_pages_views.page_id  WHERE ( zd_pages.game_id = 3 and date_format(view_date,'%Y-%m-%d') = '2016-08-11' ) GROUP BY zd_pages.id ORDER BY view_count desc LIMIT 0,5   [ RunTime:0.0007s ]
NOTIC: [8] Undefined index: url E:\www\zbigdata\application\Common\Controller\AppframeController.class.php 第 24 行.

[ 2016-08-12T16:30:56+08:00 ] ::1 /zbigdata/index.php/analysis/pages/FromToDate?from=2016-08-01&to=2016-04-08
INFO: [ app_begin ] --START--
INFO: Run Behavior\ReadHtmlCacheBehavior [ RunTime:0.000958s ]
INFO: Run Behavior\CheckLangBehavior [ RunTime:0.001335s ]
INFO: [ app_begin ] --END-- [ RunTime:0.003042s ]
NOTIC: [2048] Declaration of Analysis\Controller\PagesController::show() should be compatible with Think\Controller::show($content, $charset = '', $contentType = '', $prefix = '') E:\www\zbigdata\application\Analysis\Controller\PagesController.class.php 第 11 行.
SQL: SHOW COLUMNS FROM `zd_users` [ RunTime:0.0048s ]
SQL: SELECT * FROM `zd_users` WHERE ( id=1 ) LIMIT 1   [ RunTime:0.0005s ]
SQL: SHOW COLUMNS FROM `zd_pages` [ RunTime:0.0060s ]
SQL: SHOW COLUMNS FROM `zd_pages_views` [ RunTime:0.0045s ]
SQL: SELECT `name`,sum(view_count) as view_count FROM `zd_pages` join zd_pages_views on zd_pages.id = zd_pages_views.page_id  WHERE ( zd_pages.game_id = 3  and date_format(view_date,'%Y-%m-%d') >= '2016-08-01'  and date_format(view_date,'%Y-%m-%d') <= '2016-04-08'  ) GROUP BY zd_pages.id ORDER BY view_count desc LIMIT 0,5   [ RunTime:0.0006s ]
NOTIC: [8] Undefined index: url E:\www\zbigdata\application\Common\Controller\AppframeController.class.php 第 24 行.

[ 2016-08-12T16:31:01+08:00 ] ::1 /zbigdata/index.php/analysis/pages/FromToDate?from=2016-08-01&to=2016-04-10
INFO: [ app_begin ] --START--
INFO: Run Behavior\ReadHtmlCacheBehavior [ RunTime:0.001075s ]
INFO: Run Behavior\CheckLangBehavior [ RunTime:0.001437s ]
INFO: [ app_begin ] --END-- [ RunTime:0.003278s ]
NOTIC: [2048] Declaration of Analysis\Controller\PagesController::show() should be compatible with Think\Controller::show($content, $charset = '', $contentType = '', $prefix = '') E:\www\zbigdata\application\Analysis\Controller\PagesController.class.php 第 11 行.
SQL: SHOW COLUMNS FROM `zd_users` [ RunTime:0.0303s ]
SQL: SELECT * FROM `zd_users` WHERE ( id=1 ) LIMIT 1   [ RunTime:0.0004s ]
SQL: SHOW COLUMNS FROM `zd_pages` [ RunTime:0.3002s ]
SQL: SHOW COLUMNS FROM `zd_pages_views` [ RunTime:0.0045s ]
SQL: SELECT `name`,sum(view_count) as view_count FROM `zd_pages` join zd_pages_views on zd_pages.id = zd_pages_views.page_id  WHERE ( zd_pages.game_id = 3  and date_format(view_date,'%Y-%m-%d') >= '2016-08-01'  and date_format(view_date,'%Y-%m-%d') <= '2016-04-10'  ) GROUP BY zd_pages.id ORDER BY view_count desc LIMIT 0,5   [ RunTime:0.0006s ]
NOTIC: [8] Undefined index: url E:\www\zbigdata\application\Common\Controller\AppframeController.class.php 第 24 行.

[ 2016-08-12T16:31:06+08:00 ] ::1 /zbigdata/index.php/analysis/pages/FromToDate?from=2016-04-08&to=2016-04-10
INFO: [ app_begin ] --START--
INFO: Run Behavior\ReadHtmlCacheBehavior [ RunTime:0.001158s ]
INFO: Run Behavior\CheckLangBehavior [ RunTime:0.001451s ]
INFO: [ app_begin ] --END-- [ RunTime:0.003462s ]
NOTIC: [2048] Declaration of Analysis\Controller\PagesController::show() should be compatible with Think\Controller::show($content, $charset = '', $contentType = '', $prefix = '') E:\www\zbigdata\application\Analysis\Controller\PagesController.class.php 第 11 行.
SQL: SHOW COLUMNS FROM `zd_users` [ RunTime:0.0073s ]
SQL: SELECT * FROM `zd_users` WHERE ( id=1 ) LIMIT 1   [ RunTime:0.0004s ]
SQL: SHOW COLUMNS FROM `zd_pages` [ RunTime:0.0071s ]
SQL: SHOW COLUMNS FROM `zd_pages_views` [ RunTime:0.0051s ]
SQL: SELECT `name`,sum(view_count) as view_count FROM `zd_pages` join zd_pages_views on zd_pages.id = zd_pages_views.page_id  WHERE ( zd_pages.game_id = 3  and date_format(view_date,'%Y-%m-%d') >= '2016-04-08'  and date_format(view_date,'%Y-%m-%d') <= '2016-04-10'  ) GROUP BY zd_pages.id ORDER BY view_count desc LIMIT 0,5   [ RunTime:0.0009s ]
NOTIC: [8] Undefined index: url E:\www\zbigdata\application\Common\Controller\AppframeController.class.php 第 24 行.

[ 2016-08-12T18:52:32+08:00 ] ::1 /zbigdata/index.php?g=Analysis&m=Summarize&a=overview
ERR: 1064:You have an error in your SQL syntax; check the manual that corresponds to your MySQL server version for the right syntax to use near 'sum(share_count) as share_count FROM `zd_games_users` WHERE `game_id` = 3 LIMIT ' at line 1
 [ SQL语句 ] : SELECT sum(vote_count) as vote_count,sum(like_count) as like_count,sum(comment_count) as comment_count sum(share_count) as share_count FROM `zd_games_users` WHERE `game_id` = 3 LIMIT 1  

[ 2016-08-12T18:52:48+08:00 ] ::1 /zbigdata/index.php?g=Analysis&m=Summarize&a=overview
ERR: 1064:You have an error in your SQL syntax; check the manual that corresponds to your MySQL server version for the right syntax to use near 'sum(share_count) as share_count FROM `zd_games_users` WHERE `game_id` = 3 LIMIT ' at line 1
 [ SQL语句 ] : SELECT sum(vote_count) as vote_count,sum(like_count) as like_count,sum(comment_count) as comment_count sum(share_count) as share_count FROM `zd_games_users` WHERE `game_id` = 3 LIMIT 1  

[ 2016-08-12T18:52:48+08:00 ] ::1 /zbigdata/index.php?g=Analysis&m=Summarize&a=overview
ERR: 1064:You have an error in your SQL syntax; check the manual that corresponds to your MySQL server version for the right syntax to use near 'sum(share_count) as share_count FROM `zd_games_users` WHERE `game_id` = 3 LIMIT ' at line 1
 [ SQL语句 ] : SELECT sum(vote_count) as vote_count,sum(like_count) as like_count,sum(comment_count) as comment_count sum(share_count) as share_count FROM `zd_games_users` WHERE `game_id` = 3 LIMIT 1  

[ 2016-08-12T18:53:17+08:00 ] ::1 /zbigdata/index.php?g=Analysis&m=Summarize&a=overview
ERR: 1064:You have an error in your SQL syntax; check the manual that corresponds to your MySQL server version for the right syntax to use near 'sum(share_count) as share_count FROM `zd_games_users` WHERE `game_id` = 3 LIMIT ' at line 1
 [ SQL语句 ] : SELECT sum(vote_count) as vote_count,sum(like_count) as like_count,sum(comment_count) as comment_count sum(share_count) as share_count FROM `zd_games_users` WHERE `game_id` = 3 LIMIT 1  

