[ 2016-08-08T19:21:15+08:00 ] ::1 /zbigdata/index.php?g=Analysis&m=Weusers&a=attribute&menuid=164
NOTIC: D方法实例化没找到模型类Common\Model\GamesUsersModel

[ 2016-08-08T19:21:18+08:00 ] ::1 /zbigdata/index.php?g=Analysis&m=Weusers&a=increase&menuid=163
NOTIC: D方法实例化没找到模型类Common\Model\GamesUsersModel

[ 2016-08-08T19:21:18+08:00 ] ::1 /zbigdata/index.php/analysis/weusers/getTargetDatas?from=2016-08-01&to=2016-08-08&target=2
INFO: [ app_begin ] --START--
INFO: Run Behavior\ReadHtmlCacheBehavior [ RunTime:0.001262s ]
INFO: Run Behavior\CheckLangBehavior [ RunTime:0.001453s ]
INFO: [ app_begin ] --END-- [ RunTime:0.005399s ]
SQL: SHOW COLUMNS FROM `zd_users` [ RunTime:0.0076s ]
SQL: SELECT * FROM `zd_users` WHERE ( id=1 ) LIMIT 1   [ RunTime:0.0005s ]
SQL: SHOW COLUMNS FROM `zd_we_users` [ RunTime:0.0050s ]
NOTIC: D方法实例化没找到模型类Common\Model\GamesUsersModel
SQL: SHOW COLUMNS FROM `zd_games_users` [ RunTime:0.0064s ]
SQL: SHOW COLUMNS FROM `zd_games_fans` [ RunTime:0.0046s ]
SQL: SELECT FROM_UNIXTIME(subscribe_time,'%Y-%m-%d' ) as date,count(*) as count FROM `zd_games_fans` join zd_we_users on zd_we_users.openid = zd_games_fans.openid  WHERE (  game_id = 2  and  FROM_UNIXTIME(subscribe_time,'%Y-%m-%d' ) >= '2016-08-01' and  FROM_UNIXTIME(subscribe_time,'%Y-%m-%d' ) <= '2016-08-08' ) GROUP BY FROM_UNIXTIME(subscribe_time,'%Y-%m-%d' ) ORDER BY FROM_UNIXTIME(subscribe_time,'%Y-%m-%d' ) asc  [ RunTime:0.0004s ]
NOTIC: [2] Invalid argument supplied for foreach() E:\www\zbigdata\application\Analysis\Controller\WeusersController.class.php 第 76 行.
NOTIC: [8] Undefined index: url E:\www\zbigdata\application\Common\Controller\AppframeController.class.php 第 24 行.

[ 2016-08-08T20:35:02+08:00 ] ::1 /zbigdata/index.php?g=Analysis&m=Weusers&a=increase&menuid=163
NOTIC: D方法实例化没找到模型类Common\Model\GamesUsersModel

[ 2016-08-08T20:35:02+08:00 ] ::1 /zbigdata/index.php/analysis/weusers/getTargetDatas?from=2016-08-01&to=2016-08-08&target=2
INFO: [ app_begin ] --START--
INFO: Run Behavior\ReadHtmlCacheBehavior [ RunTime:0.000639s ]
INFO: Run Behavior\CheckLangBehavior [ RunTime:0.001258s ]
INFO: [ app_begin ] --END-- [ RunTime:0.002636s ]
SQL: SHOW COLUMNS FROM `zd_users` [ RunTime:0.0058s ]
SQL: SELECT * FROM `zd_users` WHERE ( id=1 ) LIMIT 1   [ RunTime:0.0004s ]
SQL: SHOW COLUMNS FROM `zd_we_users` [ RunTime:0.0066s ]
NOTIC: D方法实例化没找到模型类Common\Model\GamesUsersModel
SQL: SHOW COLUMNS FROM `zd_games_users` [ RunTime:0.0048s ]
SQL: SHOW COLUMNS FROM `zd_games_fans` [ RunTime:0.0065s ]
SQL: SELECT FROM_UNIXTIME(subscribe_time,'%Y-%m-%d' ) as date,count(*) as count FROM `zd_games_fans` join zd_we_users on zd_we_users.openid = zd_games_fans.openid  WHERE (  game_id = 3  and  FROM_UNIXTIME(subscribe_time,'%Y-%m-%d' ) >= '2016-08-01' and  FROM_UNIXTIME(subscribe_time,'%Y-%m-%d' ) <= '2016-08-08' ) GROUP BY FROM_UNIXTIME(subscribe_time,'%Y-%m-%d' ) ORDER BY FROM_UNIXTIME(subscribe_time,'%Y-%m-%d' ) asc  [ RunTime:0.0004s ]
NOTIC: [2] Invalid argument supplied for foreach() E:\www\zbigdata\application\Analysis\Controller\WeusersController.class.php 第 76 行.
NOTIC: [8] Undefined index: url E:\www\zbigdata\application\Common\Controller\AppframeController.class.php 第 24 行.

[ 2016-08-08T20:35:03+08:00 ] ::1 /zbigdata/index.php?g=Analysis&m=Weusers&a=attribute&menuid=164
NOTIC: D方法实例化没找到模型类Common\Model\GamesUsersModel

[ 2016-08-08T20:35:05+08:00 ] ::1 /zbigdata/index.php?g=Analysis&m=Weusers&a=attribute&menuid=164
NOTIC: D方法实例化没找到模型类Common\Model\GamesUsersModel

[ 2016-08-08T20:35:07+08:00 ] ::1 /zbigdata/index.php?g=Analysis&m=Weusers&a=increase&menuid=163
NOTIC: D方法实例化没找到模型类Common\Model\GamesUsersModel

[ 2016-08-08T20:35:07+08:00 ] ::1 /zbigdata/index.php/analysis/weusers/getTargetDatas?from=2016-08-01&to=2016-08-08&target=2
INFO: [ app_begin ] --START--
INFO: Run Behavior\ReadHtmlCacheBehavior [ RunTime:0.000724s ]
INFO: Run Behavior\CheckLangBehavior [ RunTime:0.001237s ]
INFO: [ app_begin ] --END-- [ RunTime:0.002740s ]
SQL: SHOW COLUMNS FROM `zd_users` [ RunTime:0.0063s ]
SQL: SELECT * FROM `zd_users` WHERE ( id=1 ) LIMIT 1   [ RunTime:0.0004s ]
SQL: SHOW COLUMNS FROM `zd_we_users` [ RunTime:0.0057s ]
NOTIC: D方法实例化没找到模型类Common\Model\GamesUsersModel
SQL: SHOW COLUMNS FROM `zd_games_users` [ RunTime:0.0058s ]
SQL: SHOW COLUMNS FROM `zd_games_fans` [ RunTime:0.0045s ]
SQL: SELECT FROM_UNIXTIME(subscribe_time,'%Y-%m-%d' ) as date,count(*) as count FROM `zd_games_fans` join zd_we_users on zd_we_users.openid = zd_games_fans.openid  WHERE (  game_id = 3  and  FROM_UNIXTIME(subscribe_time,'%Y-%m-%d' ) >= '2016-08-01' and  FROM_UNIXTIME(subscribe_time,'%Y-%m-%d' ) <= '2016-08-08' ) GROUP BY FROM_UNIXTIME(subscribe_time,'%Y-%m-%d' ) ORDER BY FROM_UNIXTIME(subscribe_time,'%Y-%m-%d' ) asc  [ RunTime:0.0004s ]
NOTIC: [2] Invalid argument supplied for foreach() E:\www\zbigdata\application\Analysis\Controller\WeusersController.class.php 第 76 行.
NOTIC: [8] Undefined index: url E:\www\zbigdata\application\Common\Controller\AppframeController.class.php 第 24 行.

[ 2016-08-08T20:35:08+08:00 ] ::1 /zbigdata/index.php?g=Analysis&m=Weusers&a=increase&menuid=163
NOTIC: D方法实例化没找到模型类Common\Model\GamesUsersModel

[ 2016-08-08T20:35:08+08:00 ] ::1 /zbigdata/index.php/analysis/weusers/getTargetDatas?from=2016-08-01&to=2016-08-08&target=2
INFO: [ app_begin ] --START--
INFO: Run Behavior\ReadHtmlCacheBehavior [ RunTime:0.000591s ]
INFO: Run Behavior\CheckLangBehavior [ RunTime:0.001209s ]
INFO: [ app_begin ] --END-- [ RunTime:0.002482s ]
SQL: SHOW COLUMNS FROM `zd_users` [ RunTime:0.0052s ]
SQL: SELECT * FROM `zd_users` WHERE ( id=1 ) LIMIT 1   [ RunTime:0.0005s ]
SQL: SHOW COLUMNS FROM `zd_we_users` [ RunTime:0.0072s ]
NOTIC: D方法实例化没找到模型类Common\Model\GamesUsersModel
SQL: SHOW COLUMNS FROM `zd_games_users` [ RunTime:0.2588s ]
SQL: SHOW COLUMNS FROM `zd_games_fans` [ RunTime:0.0851s ]
SQL: SELECT FROM_UNIXTIME(subscribe_time,'%Y-%m-%d' ) as date,count(*) as count FROM `zd_games_fans` join zd_we_users on zd_we_users.openid = zd_games_fans.openid  WHERE (  game_id = 3  and  FROM_UNIXTIME(subscribe_time,'%Y-%m-%d' ) >= '2016-08-01' and  FROM_UNIXTIME(subscribe_time,'%Y-%m-%d' ) <= '2016-08-08' ) GROUP BY FROM_UNIXTIME(subscribe_time,'%Y-%m-%d' ) ORDER BY FROM_UNIXTIME(subscribe_time,'%Y-%m-%d' ) asc  [ RunTime:0.0003s ]
NOTIC: [2] Invalid argument supplied for foreach() E:\www\zbigdata\application\Analysis\Controller\WeusersController.class.php 第 76 行.
NOTIC: [8] Undefined index: url E:\www\zbigdata\application\Common\Controller\AppframeController.class.php 第 24 行.

[ 2016-08-08T20:35:09+08:00 ] ::1 /zbigdata/index.php?g=Analysis&m=Weusers&a=attribute&menuid=164
NOTIC: D方法实例化没找到模型类Common\Model\GamesUsersModel

[ 2016-08-08T20:35:12+08:00 ] ::1 /zbigdata/index.php/analysis/pages/searchDate?value=2016-08-07
INFO: [ app_begin ] --START--
INFO: Run Behavior\ReadHtmlCacheBehavior [ RunTime:0.000657s ]
INFO: Run Behavior\CheckLangBehavior [ RunTime:0.001190s ]
INFO: [ app_begin ] --END-- [ RunTime:0.002512s ]
NOTIC: [2048] Declaration of Analysis\Controller\PagesController::show() should be compatible with Think\Controller::show($content, $charset = '', $contentType = '', $prefix = '') E:\www\zbigdata\application\Analysis\Controller\PagesController.class.php 第 11 行.
SQL: SHOW COLUMNS FROM `zd_users` [ RunTime:0.1809s ]
SQL: SELECT * FROM `zd_users` WHERE ( id=1 ) LIMIT 1   [ RunTime:0.0005s ]
SQL: SHOW COLUMNS FROM `zd_pages` [ RunTime:0.1671s ]
SQL: SHOW COLUMNS FROM `zd_pages_views` [ RunTime:0.0149s ]
SQL: SELECT `name`,sum(view_count) as view_count FROM `zd_pages` join zd_pages_views on zd_pages.id = zd_pages_views.page_id  WHERE ( zd_pages.game_id = 3 and date_format(view_date,'%Y-%m-%d') = '2016-08-07' ) GROUP BY zd_pages.id ORDER BY view_count desc LIMIT 0,5   [ RunTime:0.0030s ]
NOTIC: [8] Undefined index: url E:\www\zbigdata\application\Common\Controller\AppframeController.class.php 第 24 行.

[ 2016-08-08T20:35:24+08:00 ] ::1 /zbigdata/index.php/analysis/pages/searchDate?value=2016-08-07
INFO: [ app_begin ] --START--
INFO: Run Behavior\ReadHtmlCacheBehavior [ RunTime:0.000675s ]
INFO: Run Behavior\CheckLangBehavior [ RunTime:0.002527s ]
INFO: [ app_begin ] --END-- [ RunTime:0.004028s ]
NOTIC: [2048] Declaration of Analysis\Controller\PagesController::show() should be compatible with Think\Controller::show($content, $charset = '', $contentType = '', $prefix = '') E:\www\zbigdata\application\Analysis\Controller\PagesController.class.php 第 11 行.
SQL: SHOW COLUMNS FROM `zd_users` [ RunTime:0.0068s ]
SQL: SELECT * FROM `zd_users` WHERE ( id=1 ) LIMIT 1   [ RunTime:0.0004s ]
SQL: SHOW COLUMNS FROM `zd_pages` [ RunTime:0.0059s ]
SQL: SHOW COLUMNS FROM `zd_pages_views` [ RunTime:0.0063s ]
SQL: SELECT `name`,sum(view_count) as view_count FROM `zd_pages` join zd_pages_views on zd_pages.id = zd_pages_views.page_id  WHERE ( zd_pages.game_id = 3 and date_format(view_date,'%Y-%m-%d') = '2016-08-07' ) GROUP BY zd_pages.id ORDER BY view_count desc LIMIT 0,5   [ RunTime:0.0006s ]
NOTIC: [8] Undefined index: url E:\www\zbigdata\application\Common\Controller\AppframeController.class.php 第 24 行.

[ 2016-08-08T20:35:36+08:00 ] ::1 /zbigdata/index.php/analysis/pages/searchDate?value=2016-08-07
INFO: [ app_begin ] --START--
INFO: Run Behavior\ReadHtmlCacheBehavior [ RunTime:0.000732s ]
INFO: Run Behavior\CheckLangBehavior [ RunTime:0.001231s ]
INFO: [ app_begin ] --END-- [ RunTime:0.002704s ]
NOTIC: [2048] Declaration of Analysis\Controller\PagesController::show() should be compatible with Think\Controller::show($content, $charset = '', $contentType = '', $prefix = '') E:\www\zbigdata\application\Analysis\Controller\PagesController.class.php 第 11 行.
SQL: SHOW COLUMNS FROM `zd_users` [ RunTime:0.0061s ]
SQL: SELECT * FROM `zd_users` WHERE ( id=1 ) LIMIT 1   [ RunTime:0.0004s ]
SQL: SHOW COLUMNS FROM `zd_pages` [ RunTime:0.0058s ]
SQL: SHOW COLUMNS FROM `zd_pages_views` [ RunTime:0.0057s ]
SQL: SELECT `name`,sum(view_count) as view_count FROM `zd_pages` join zd_pages_views on zd_pages.id = zd_pages_views.page_id  WHERE ( zd_pages.game_id = 3 and date_format(view_date,'%Y-%m-%d') = '2016-08-07' ) GROUP BY zd_pages.id ORDER BY view_count desc LIMIT 0,5   [ RunTime:0.0009s ]
NOTIC: [8] Undefined index: url E:\www\zbigdata\application\Common\Controller\AppframeController.class.php 第 24 行.

