[ 2016-08-09T15:46:11+08:00 ] ::1 /zbigdata/index.php?g=Analysis&m=Weusers&a=attribute&menuid=164
NOTIC: D方法实例化没找到模型类Common\Model\GamesUsersModel

[ 2016-08-09T15:46:13+08:00 ] ::1 /zbigdata/index.php/Analysis/weusers/common
NOTIC: D方法实例化没找到模型类Common\Model\GamesUsersModel

[ 2016-08-09T15:46:14+08:00 ] ::1 /zbigdata/index.php/analysis/weusers/getSexData
INFO: [ app_begin ] --START--
INFO: Run Behavior\ReadHtmlCacheBehavior [ RunTime:0.000867s ]
INFO: Run Behavior\CheckLangBehavior [ RunTime:0.001436s ]
INFO: [ app_begin ] --END-- [ RunTime:0.003458s ]
SQL: SHOW COLUMNS FROM `zd_users` [ RunTime:0.1742s ]
SQL: SELECT * FROM `zd_users` WHERE ( id=1 ) LIMIT 1   [ RunTime:0.0005s ]
SQL: SHOW COLUMNS FROM `zd_we_users` [ RunTime:0.0048s ]
NOTIC: D方法实例化没找到模型类Common\Model\GamesUsersModel
SQL: SHOW COLUMNS FROM `zd_games_users` [ RunTime:0.0074s ]
SQL: SHOW COLUMNS FROM `zd_games_fans` [ RunTime:0.0045s ]
SQL: SELECT sex as name,count(*) as value FROM `zd_games_fans` join  zd_we_users on zd_games_fans.openid = zd_we_users.openid  WHERE `game_id` = '3' GROUP BY sex  [ RunTime:0.0273s ]
NOTIC: [8] Undefined index: url E:\www\zbigdata\application\Common\Controller\AppframeController.class.php 第 24 行.

[ 2016-08-09T15:46:14+08:00 ] ::1 /zbigdata/index.php/analysis/weusers/getMapInfo
INFO: [ app_begin ] --START--
INFO: Run Behavior\ReadHtmlCacheBehavior [ RunTime:0.000921s ]
INFO: Run Behavior\CheckLangBehavior [ RunTime:0.001274s ]
INFO: [ app_begin ] --END-- [ RunTime:0.002909s ]
SQL: SHOW COLUMNS FROM `zd_users` [ RunTime:0.0065s ]
SQL: SELECT * FROM `zd_users` WHERE ( id=1 ) LIMIT 1   [ RunTime:0.0005s ]
SQL: SHOW COLUMNS FROM `zd_we_users` [ RunTime:0.0056s ]
NOTIC: D方法实例化没找到模型类Common\Model\GamesUsersModel
SQL: SHOW COLUMNS FROM `zd_games_users` [ RunTime:0.0086s ]
SQL: SHOW COLUMNS FROM `zd_games_fans` [ RunTime:0.0057s ]
SQL: SELECT province as name,count(*) as value FROM `zd_games_fans` join  zd_we_users on zd_games_fans.openid = zd_we_users.openid  WHERE `game_id` = '3' AND `country` = '中国' GROUP BY province ORDER BY value desc  [ RunTime:0.0004s ]
NOTIC: [8] Undefined index: url E:\www\zbigdata\application\Common\Controller\AppframeController.class.php 第 24 行.

