[ 2016-08-09T14:32:51+08:00 ] ::1 /zbigdata/index.php?g=&m=public&a=dologin
INFO: [ app_begin ] --START--
INFO: Run Behavior\ReadHtmlCacheBehavior [ RunTime:0.000884s ]
INFO: Run Behavior\CheckLangBehavior [ RunTime:0.001474s ]
INFO: [ app_begin ] --END-- [ RunTime:0.003272s ]

[ 2016-08-09T14:32:55+08:00 ] ::1 /zbigdata/index.php?g=&m=public&a=dologin
INFO: [ app_begin ] --START--
INFO: Run Behavior\ReadHtmlCacheBehavior [ RunTime:0.000683s ]
INFO: Run Behavior\CheckLangBehavior [ RunTime:0.001344s ]
INFO: [ app_begin ] --END-- [ RunTime:0.002657s ]
SQL: SHOW COLUMNS FROM `zd_users` [ RunTime:0.1622s ]
SQL: SELECT * FROM `zd_users` WHERE `user_login` = 'admin' LIMIT 1   [ RunTime:0.0708s ]
SQL: SHOW COLUMNS FROM `zd_role_user` [ RunTime:0.1122s ]
SQL: SELECT `role_id` FROM zd_role_user a INNER JOIN zd_role as b on a.role_id =b.id  WHERE `user_id` = '1' AND `status` = 1  [ RunTime:0.0514s ]
SQL: UPDATE `zd_users` SET `user_login`='admin',`user_pass`='###43cd006bf251646e588931c5f2dde530',`user_nicename`='admin',`user_email`='admin@qq.com',`user_url`='',`avatar`=NULL,`sex`='0',`birthday`=NULL,`signature`=NULL,`last_login_ip`='0.0.0.0',`last_login_time`='2016-08-09 14:32:55',`create_time`='2016-07-18 02:10:43',`user_activation_key`='',`user_status`='1',`score`='0',`user_type`='1',`coin`='0',`mobile`='' WHERE `id` = '1' [ RunTime:0.0302s ]

[ 2016-08-09T14:58:42+08:00 ] ::1 /zbigdata/index.php?g=&m=public&a=dologin
INFO: [ app_begin ] --START--
INFO: Run Behavior\ReadHtmlCacheBehavior [ RunTime:0.000661s ]
INFO: Run Behavior\CheckLangBehavior [ RunTime:0.001509s ]
INFO: [ app_begin ] --END-- [ RunTime:0.002817s ]
SQL: SHOW COLUMNS FROM `zd_users` [ RunTime:0.0051s ]
SQL: SELECT * FROM `zd_users` WHERE `user_login` = 'admin' LIMIT 1   [ RunTime:0.0004s ]
SQL: SHOW COLUMNS FROM `zd_role_user` [ RunTime:0.0053s ]
SQL: SELECT `role_id` FROM zd_role_user a INNER JOIN zd_role as b on a.role_id =b.id  WHERE `user_id` = '1' AND `status` = 1  [ RunTime:0.0005s ]
SQL: UPDATE `zd_users` SET `user_login`='admin',`user_pass`='###43cd006bf251646e588931c5f2dde530',`user_nicename`='admin',`user_email`='admin@qq.com',`user_url`='',`avatar`=NULL,`sex`='0',`birthday`=NULL,`signature`=NULL,`last_login_ip`='0.0.0.0',`last_login_time`='2016-08-09 14:58:42',`create_time`='2016-07-18 02:10:43',`user_activation_key`='',`user_status`='1',`score`='0',`user_type`='1',`coin`='0',`mobile`='' WHERE `id` = '1' [ RunTime:0.0007s ]

[ 2016-08-09T16:06:04+08:00 ] ::1 /zbigdata/index.php?g=&m=Main&a=index
ERR: 模板不存在:admin/themes/simplebootx/Admin/Main/analysis.summarize.overview.html

[ 2016-08-09T16:06:36+08:00 ] ::1 /zbigdata/index.php?g=&m=Main&a=index
ERR: 模板不存在:admin/themes/simplebootx/Admin/analysis/summarize/overview.html

[ 2016-08-09T16:06:55+08:00 ] ::1 /zbigdata/index.php?g=&m=Main&a=index
ERR: 模板不存在:admin/themes/simplebootx/Admin/Analysis/summarize/overview.html

[ 2016-08-09T16:07:02+08:00 ] ::1 /zbigdata/index.php?g=&m=Main&a=index
ERR: 模板不存在:admin/themes/simplebootx/Admin/Analysis/Summarize/overview.html

[ 2016-08-09T16:07:51+08:00 ] ::1 /zbigdata/index.php?g=&m=Main&a=index
ERR: 模板不存在:admin/themes/simplebootx/Admin/Analysis/Summarize/overview.html

[ 2016-08-09T16:08:01+08:00 ] ::1 /zbigdata/index.php?g=&m=Main&a=index
ERR: 模板不存在:admin/themes/simplebootx/Admin/[Analysis]/Summarize/overview.html

[ 2016-08-09T16:09:52+08:00 ] ::1 /zbigdata/index.php?g=&m=Main&a=index
ERR: 模板不存在:admin/themes/simplebootx/Admin/Summarize/overview.html

[ 2016-08-09T16:10:11+08:00 ] ::1 /zbigdata/index.php?g=&m=Main&a=index
ERR: 模板不存在:admin/themes/simplebootx/Admin/Analysis/Summarize/overview.html

[ 2016-08-09T16:10:12+08:00 ] ::1 /zbigdata/index.php?g=&m=Main&a=index
ERR: 模板不存在:admin/themes/simplebootx/Admin/Analysis/Summarize/overview.html

[ 2016-08-09T16:18:13+08:00 ] ::1 /zbigdata/index.php?g=&m=Main&a=index
ERR: 模板不存在:admin/themes/simplebootx/AnalysisSummarize/overview.html

[ 2016-08-09T16:18:33+08:00 ] ::1 /zbigdata/index.php?g=&m=Main&a=index
ERR: 模板不存在:admin/themes/simplebootx/Admin/Analysis/Summarize/overview.html

[ 2016-08-09T16:23:03+08:00 ] ::1 /zbigdata/index.php?g=Admin&m=Menu&a=index&menuid=100
NOTIC: D方法实例化没找到模型类Common\Model\AuthRuleModel

[ 2016-08-09T16:23:09+08:00 ] ::1 /zbigdata/index.php?g=&m=Menu&a=edit&id=173&menuid=100
NOTIC: D方法实例化没找到模型类Common\Model\AuthRuleModel

[ 2016-08-09T16:24:40+08:00 ] ::1 /zbigdata/index.php?g=&m=Menu&a=edit_post
INFO: [ app_begin ] --START--
INFO: Run Behavior\ReadHtmlCacheBehavior [ RunTime:0.000911s ]
INFO: Run Behavior\CheckLangBehavior [ RunTime:0.005829s ]
INFO: [ app_begin ] --END-- [ RunTime:0.007548s ]
SQL: SHOW COLUMNS FROM `zd_users` [ RunTime:0.0058s ]
SQL: SELECT * FROM `zd_users` WHERE ( id=1 ) LIMIT 1   [ RunTime:0.0005s ]
SQL: SHOW COLUMNS FROM `zd_menu` [ RunTime:0.0095s ]
NOTIC: D方法实例化没找到模型类Common\Model\AuthRuleModel
SQL: SHOW COLUMNS FROM `zd_auth_rule` [ RunTime:0.0051s ]
NOTIC: [8] Undefined index: validate E:\www\zbigdata\simplewind\Core\Library\Think\Model.class.php 第 1185 行.
SQL: SELECT `id` FROM `zd_menu` WHERE `app` = 'Analysis' AND `model` = 'Summarize' AND `action` = 'overview' LIMIT 1   [ RunTime:0.0007s ]
NOTIC: [8] Undefined index: auto E:\www\zbigdata\simplewind\Core\Library\Think\Model.class.php 第 1128 行.
SQL: UPDATE `zd_menu` SET `parentid`='0',`name`='活动概览',`app`='Analysis',`model`='Summarize',`action`='overview',`data`='',`icon`='fa-area-chart',`remark`='',`status`='1',`type`='1' WHERE `id` = 173 [ RunTime:0.0011s ]
SQL: SELECT * FROM `zd_auth_rule` WHERE `name` = 'analysis/summarize/overview' LIMIT 1   [ RunTime:0.0311s ]
SQL: UPDATE `zd_auth_rule` SET `name`='analysis/summarize/overview',`module`='Analysis',`type`='admin_url',`title`='活动概览' WHERE `name` = 'analysis/summarize/overview' [ RunTime:0.0016s ]

[ 2016-08-09T16:24:41+08:00 ] ::1 /zbigdata/index.php?g=&m=Menu&a=edit&id=173&menuid=100
NOTIC: D方法实例化没找到模型类Common\Model\AuthRuleModel

[ 2016-08-09T16:24:52+08:00 ] ::1 /zbigdata/index.php?g=Admin&m=Menu&a=index&menuid=100
NOTIC: D方法实例化没找到模型类Common\Model\AuthRuleModel

[ 2016-08-09T16:24:56+08:00 ] ::1 /zbigdata/index.php?g=&m=Menu&a=edit&id=132&menuid=100
NOTIC: D方法实例化没找到模型类Common\Model\AuthRuleModel

[ 2016-08-09T16:25:29+08:00 ] ::1 /zbigdata/index.php?g=&m=Menu&a=edit&id=173&menuid=100
NOTIC: D方法实例化没找到模型类Common\Model\AuthRuleModel

[ 2016-08-09T16:25:42+08:00 ] ::1 /zbigdata/index.php?g=&m=Menu&a=edit_post
INFO: [ app_begin ] --START--
INFO: Run Behavior\ReadHtmlCacheBehavior [ RunTime:0.000659s ]
INFO: Run Behavior\CheckLangBehavior [ RunTime:0.002073s ]
INFO: [ app_begin ] --END-- [ RunTime:0.003689s ]
SQL: SHOW COLUMNS FROM `zd_users` [ RunTime:0.0087s ]
SQL: SELECT * FROM `zd_users` WHERE ( id=1 ) LIMIT 1   [ RunTime:0.0006s ]
SQL: SHOW COLUMNS FROM `zd_menu` [ RunTime:0.0059s ]
NOTIC: D方法实例化没找到模型类Common\Model\AuthRuleModel
SQL: SHOW COLUMNS FROM `zd_auth_rule` [ RunTime:0.0083s ]
NOTIC: [8] Undefined index: validate E:\www\zbigdata\simplewind\Core\Library\Think\Model.class.php 第 1185 行.
SQL: SELECT `id` FROM `zd_menu` WHERE `app` = 'Analysis' AND `model` = 'Summarize' AND `action` = 'overview' LIMIT 1   [ RunTime:0.0005s ]
NOTIC: [8] Undefined index: auto E:\www\zbigdata\simplewind\Core\Library\Think\Model.class.php 第 1128 行.
SQL: UPDATE `zd_menu` SET `parentid`='0',`name`='活动概览',`app`='Analysis',`model`='Summarize',`action`='overview',`data`='',`icon`='area-chart',`remark`='',`status`='1',`type`='1' WHERE `id` = 173 [ RunTime:0.0004s ]
SQL: SELECT * FROM `zd_auth_rule` WHERE `name` = 'analysis/summarize/overview' LIMIT 1   [ RunTime:0.0005s ]
SQL: UPDATE `zd_auth_rule` SET `name`='analysis/summarize/overview',`module`='Analysis',`type`='admin_url',`title`='活动概览' WHERE `name` = 'analysis/summarize/overview' [ RunTime:0.0018s ]

[ 2016-08-09T16:25:42+08:00 ] ::1 /zbigdata/index.php?g=&m=Menu&a=edit&id=173&menuid=100
NOTIC: D方法实例化没找到模型类Common\Model\AuthRuleModel

[ 2016-08-09T16:27:50+08:00 ] ::1 /zbigdata/index.php?g=Admin&m=Menu&a=index&menuid=100
NOTIC: D方法实例化没找到模型类Common\Model\AuthRuleModel

